Build started 2015/7/9 下午 08:35:10.
     1>Project "E:\PositiveGrid\workspace\pg_midi_lib\Builds\VisualStudio2013\pg_midi_lib.vcxproj" on node 2 (Build target(s)).
     1>ClCompile:
         C:\Program Files (x86)\Microsoft Visual Studio 12.0\VC\bin\CL.exe /c /I..\..\JuceLibraryCode /I..\..\..\..\juce\modules /ZI /nologo /W4 /WX- /MP /Od /Oy- /D _LIB /D WIN32 /D _WINDOWS /D DEBUG /D _DEBUG /D JUCER_VS2013_78A5020=1 /D JUCE_APP_VERSION=1.0.0 /D JUCE_APP_VERSION_HEX=0x10000 /D _WINDLL /Gm- /EHsc /MTd /GS /fp:precise /Zc:wchar_t /Zc:forScope /GR /Fo"Debug\\" /Fd"Debug\\vc120.pdb" /Gd /TP /analyze- /errorReport:prompt ..\..\Source\PGMidiDevice.cpp
         PGMidiDevice.cpp
     1>e:\positivegrid\workspace\pg_midi_lib\source\pgmididevice.cpp(16): warning C4100: 'source' : unreferenced formal parameter
       Link:
         C:\Program Files (x86)\Microsoft Visual Studio 12.0\VC\bin\link.exe /ERRORREPORT:PROMPT /OUT:".\Debug\\pg_midi_lib.dll" /NOLOGO kernel32.lib user32.lib gdi32.lib winspool.lib comdlg32.lib advapi32.lib shell32.lib ole32.lib oleaut32.lib uuid.lib odbc32.lib odbccp32.lib /NODEFAULTLIB:libcmt.lib /NODEFAULTLIB:msvcrt.lib /MANIFEST /MANIFESTUAC:"level='asInvoker' uiAccess='false'" /manifest:embed /DEBUG /PDB:"Debug\\pg_midi_lib.pdb" /SUBSYSTEM:WINDOWS /LARGEADDRESSAWARE /TLBID:1 /DYNAMICBASE /NXCOMPAT /IMPLIB:".\Debug\pg_midi_lib.lib" /MACHINE:X86 /SAFESEH:NO /DLL Debug\resources.res
         Debug\\PGMidiDevice.obj
         Debug\\PGDeviceManager.obj
         Debug\\juce_audio_basics.obj
         Debug\\juce_audio_devices.obj
         Debug\\juce_audio_formats.obj
         Debug\\juce_audio_processors.obj
         Debug\\juce_core.obj
         Debug\\juce_cryptography.obj
         Debug\\juce_data_structures.obj
         Debug\\juce_events.obj
         Debug\\juce_graphics.obj
         Debug\\juce_gui_basics.obj
         Debug\\juce_gui_extra.obj
         Debug\\juce_opengl.obj
         Debug\\juce_video.obj
         pg_midi_lib.vcxproj -> E:\PositiveGrid\workspace\pg_midi_lib\Builds\VisualStudio2013\.\Debug\pg_midi_lib.dll
     1>Done Building Project "E:\PositiveGrid\workspace\pg_midi_lib\Builds\VisualStudio2013\pg_midi_lib.vcxproj" (Build target(s)).

Build succeeded.

Time Elapsed 00:00:01.90
