e:\positivegrid\workspace\pg_midi_lib\builds\visualstudio2013\debug\juce_audio_devices.obj
e:\positivegrid\workspace\pg_midi_lib\builds\visualstudio2013\debug\juce_cryptography.obj
e:\positivegrid\workspace\pg_midi_lib\builds\visualstudio2013\debug\juce_events.obj
e:\positivegrid\workspace\pg_midi_lib\builds\visualstudio2013\debug\juce_opengl.obj
e:\positivegrid\workspace\pg_midi_lib\builds\visualstudio2013\debug\juce_audio_basics.obj
e:\positivegrid\workspace\pg_midi_lib\builds\visualstudio2013\debug\juce_core.obj
e:\positivegrid\workspace\pg_midi_lib\builds\visualstudio2013\debug\juce_gui_extra.obj
e:\positivegrid\workspace\pg_midi_lib\builds\visualstudio2013\debug\pgdevicemanager.obj
e:\positivegrid\workspace\pg_midi_lib\builds\visualstudio2013\debug\juce_audio_formats.obj
e:\positivegrid\workspace\pg_midi_lib\builds\visualstudio2013\debug\juce_data_structures.obj
e:\positivegrid\workspace\pg_midi_lib\builds\visualstudio2013\debug\juce_gui_basics.obj
e:\positivegrid\workspace\pg_midi_lib\builds\visualstudio2013\debug\juce_audio_processors.obj
e:\positivegrid\workspace\pg_midi_lib\builds\visualstudio2013\debug\juce_graphics.obj
e:\positivegrid\workspace\pg_midi_lib\builds\visualstudio2013\debug\juce_video.obj
e:\positivegrid\workspace\pg_midi_lib\builds\visualstudio2013\debug\vc120.pdb
e:\positivegrid\workspace\pg_midi_lib\builds\visualstudio2013\debug\pgmididevice.obj
e:\positivegrid\workspace\pg_midi_lib\builds\visualstudio2013\debug\pg_midi_lib.ilk
e:\positivegrid\workspace\pg_midi_lib\builds\visualstudio2013\debug\pg_midi_lib.dll
e:\positivegrid\workspace\pg_midi_lib\builds\visualstudio2013\debug\pg_midi_lib.pdb
e:\positivegrid\workspace\pg_midi_lib\builds\visualstudio2013\debug\resources.res
e:\positivegrid\workspace\pg_midi_lib\builds\visualstudio2013\debug\vc120.idb
e:\positivegrid\workspace\pg_midi_lib\builds\visualstudio2013\.\debug\pg_midi_lib.dll
e:\positivegrid\workspace\pg_midi_lib\builds\visualstudio2013\debug\pg_midi_lib.tlog\cl.command.1.tlog
e:\positivegrid\workspace\pg_midi_lib\builds\visualstudio2013\debug\pg_midi_lib.tlog\cl.read.1.tlog
e:\positivegrid\workspace\pg_midi_lib\builds\visualstudio2013\debug\pg_midi_lib.tlog\cl.write.1.tlog
e:\positivegrid\workspace\pg_midi_lib\builds\visualstudio2013\debug\pg_midi_lib.tlog\link.command.1.tlog
e:\positivegrid\workspace\pg_midi_lib\builds\visualstudio2013\debug\pg_midi_lib.tlog\link.read.1.tlog
e:\positivegrid\workspace\pg_midi_lib\builds\visualstudio2013\debug\pg_midi_lib.tlog\link.write.1.tlog
e:\positivegrid\workspace\pg_midi_lib\builds\visualstudio2013\debug\pg_midi_lib.tlog\rc.command.1.tlog
e:\positivegrid\workspace\pg_midi_lib\builds\visualstudio2013\debug\pg_midi_lib.tlog\rc.read.1.tlog
e:\positivegrid\workspace\pg_midi_lib\builds\visualstudio2013\debug\pg_midi_lib.tlog\rc.write.1.tlog
